app/build/intermediates/manifest_merge_blame_file/debug/manifest-merger-blame-debug-report.txt
1<?xml version="1.0" encoding="utf-8"?>
2<manifest xmlns:android="http://schemas.android.com/apk/res/android"
3    package="com.tanmaypradhan.paisabook"
4    android:versionCode="1"
5    android:versionName="1.0" >
6
7    <uses-sdk
8        android:minSdkVersion="21"
8-->src/main/AndroidManifest.xml
9        android:targetSdkVersion="29" />
9-->src/main/AndroidManifest.xml
10
11    <uses-permission android:name="android.permission.READ_CONTACTS" />
11-->src/main/AndroidManifest.xml:6:5-71
11-->src/main/AndroidManifest.xml:6:22-69
12
13    <application
13-->src/main/AndroidManifest.xml:8:5-63:19
14        android:allowBackup="true"
14-->src/main/AndroidManifest.xml:9:9-35
15        android:appComponentFactory="androidx.core.app.CoreComponentFactory"
15-->[androidx.core:core:1.1.0] AndroidManifest.xml:24:18-86
16        android:debuggable="true"
17        android:icon="@mipmap/ic_launcher"
17-->src/main/AndroidManifest.xml:10:9-43
18        android:label="@string/app_name"
18-->src/main/AndroidManifest.xml:11:9-41
19        android:roundIcon="@mipmap/ic_launcher_round"
19-->src/main/AndroidManifest.xml:12:9-54
20        android:supportsRtl="true"
20-->src/main/AndroidManifest.xml:13:9-35
21        android:theme="@style/AppTheme" >
21-->src/main/AndroidManifest.xml:14:9-40
22        <activity
22-->src/main/AndroidManifest.xml:16:9-17:51
23            android:name="com.tanmaypradhan.paisabook.StockDetailsActivity"
23-->src/main/AndroidManifest.xml:16:19-55
24            android:screenOrientation="portrait" />
24-->src/main/AndroidManifest.xml:17:13-49
25        <activity
25-->src/main/AndroidManifest.xml:18:9-22:52
26            android:name="com.tanmaypradhan.paisabook.StockActivity"
26-->src/main/AndroidManifest.xml:19:13-42
27            android:label="@string/title_activity_stock"
27-->src/main/AndroidManifest.xml:20:13-57
28            android:screenOrientation="portrait"
28-->src/main/AndroidManifest.xml:22:13-49
29            android:theme="@style/AppTheme.NoActionBar" />
29-->src/main/AndroidManifest.xml:21:13-56
30        <activity android:name="com.tanmaypradhan.paisabook.BalanceDetailsActivity" />
30-->src/main/AndroidManifest.xml:23:9-60
30-->src/main/AndroidManifest.xml:23:19-57
31        <activity
31-->src/main/AndroidManifest.xml:24:9-28:51
32            android:name="com.tanmaypradhan.paisabook.BalancesActivity"
32-->src/main/AndroidManifest.xml:25:13-45
33            android:label="@string/title_activity_balances"
33-->src/main/AndroidManifest.xml:26:13-60
34            android:screenOrientation="portrait"
34-->src/main/AndroidManifest.xml:28:13-49
35            android:theme="@style/AppTheme.NoActionBar" />
35-->src/main/AndroidManifest.xml:27:13-56
36        <activity
36-->src/main/AndroidManifest.xml:29:9-34:57
37            android:name="com.tanmaypradhan.paisabook.TransactionActivity"
37-->src/main/AndroidManifest.xml:30:13-48
38            android:label="@string/title_activity_transaction"
38-->src/main/AndroidManifest.xml:31:13-63
39            android:screenOrientation="portrait"
39-->src/main/AndroidManifest.xml:32:13-49
40            android:theme="@style/AppTheme.NoActionBar"
40-->src/main/AndroidManifest.xml:33:13-56
41            android:windowSoftInputMode="stateHidden" />
41-->src/main/AndroidManifest.xml:34:13-54
42        <activity
42-->src/main/AndroidManifest.xml:35:9-39:57
43            android:name="com.tanmaypradhan.paisabook.AddExpenseActivity"
43-->src/main/AndroidManifest.xml:36:13-47
44            android:label="Add Expense"
44-->src/main/AndroidManifest.xml:37:13-40
45            android:screenOrientation="portrait"
45-->src/main/AndroidManifest.xml:38:13-49
46            android:windowSoftInputMode="stateHidden" />
46-->src/main/AndroidManifest.xml:39:13-54
47        <activity
47-->src/main/AndroidManifest.xml:40:9-44:57
48            android:name="com.tanmaypradhan.paisabook.AddSalesActivity"
48-->src/main/AndroidManifest.xml:41:13-45
49            android:label="Add Sales"
49-->src/main/AndroidManifest.xml:42:13-38
50            android:screenOrientation="portrait"
50-->src/main/AndroidManifest.xml:43:13-49
51            android:windowSoftInputMode="stateHidden" />
51-->src/main/AndroidManifest.xml:44:13-54
52        <activity
52-->src/main/AndroidManifest.xml:45:9-50:57
53            android:name="com.tanmaypradhan.paisabook.AddStockActivity"
53-->src/main/AndroidManifest.xml:46:13-45
54            android:label="@string/title_activity_add_stock"
54-->src/main/AndroidManifest.xml:47:13-61
55            android:screenOrientation="portrait"
55-->src/main/AndroidManifest.xml:48:13-49
56            android:theme="@style/AppTheme.NoActionBar"
56-->src/main/AndroidManifest.xml:49:13-56
57            android:windowSoftInputMode="stateHidden" />
57-->src/main/AndroidManifest.xml:50:13-54
58        <activity
58-->src/main/AndroidManifest.xml:51:9-62:20
59            android:name="com.tanmaypradhan.paisabook.MainActivity"
59-->src/main/AndroidManifest.xml:52:13-41
60            android:label="@string/app_name"
60-->src/main/AndroidManifest.xml:53:13-45
61            android:screenOrientation="portrait"
61-->src/main/AndroidManifest.xml:54:13-49
62            android:theme="@style/AppTheme.NoActionBar"
62-->src/main/AndroidManifest.xml:55:13-56
63            android:windowSoftInputMode="stateHidden" >
63-->src/main/AndroidManifest.xml:56:13-54
64            <intent-filter>
64-->src/main/AndroidManifest.xml:57:13-61:29
65                <action android:name="android.intent.action.MAIN" />
65-->src/main/AndroidManifest.xml:58:17-69
65-->src/main/AndroidManifest.xml:58:25-66
66
67                <category android:name="android.intent.category.LAUNCHER" />
67-->src/main/AndroidManifest.xml:60:17-77
67-->src/main/AndroidManifest.xml:60:27-74
68            </intent-filter>
69        </activity>
70
71        <service
71-->[androidx.room:room-runtime:2.2.3] AndroidManifest.xml:25:9-27:40
72            android:name="androidx.room.MultiInstanceInvalidationService"
72-->[androidx.room:room-runtime:2.2.3] AndroidManifest.xml:26:13-74
73            android:exported="false" />
73-->[androidx.room:room-runtime:2.2.3] AndroidManifest.xml:27:13-37
74
75        <provider
75-->[androidx.lifecycle:lifecycle-process:2.0.0] AndroidManifest.xml:23:9-27:43
76            android:name="androidx.lifecycle.ProcessLifecycleOwnerInitializer"
76-->[androidx.lifecycle:lifecycle-process:2.0.0] AndroidManifest.xml:24:13-79
77            android:authorities="com.tanmaypradhan.paisabook.lifecycle-process"
77-->[androidx.lifecycle:lifecycle-process:2.0.0] AndroidManifest.xml:25:13-69
78            android:exported="false"
78-->[androidx.lifecycle:lifecycle-process:2.0.0] AndroidManifest.xml:26:13-37
79            android:multiprocess="true" />
79-->[androidx.lifecycle:lifecycle-process:2.0.0] AndroidManifest.xml:27:13-40
80    </application>
81
82</manifest>